2021-10-20 17:54:04,529 : WARN  : main :  : Node : MySQL Connector : 4:1 : Database host is not defined.
2021-10-20 17:56:53,222 : ERROR : KNIME-Worker-3-MySQL Connector 4:1 :  : Node : MySQL Connector : 4:1 : Execute failed: The server time zone value 'CEST' is unrecognized or represents more than one time zone. You must configure either the server or JDBC driver (via the serverTimezone configuration property) to use a more specifc time zone value if you want to utilize time zone support.
java.sql.SQLException: The server time zone value 'CEST' is unrecognized or represents more than one time zone. You must configure either the server or JDBC driver (via the serverTimezone configuration property) to use a more specifc time zone value if you want to utilize time zone support.
	at com.mysql.cj.jdbc.exceptions.SQLError.createSQLException(SQLError.java:127)
	at com.mysql.cj.jdbc.exceptions.SQLError.createSQLException(SQLError.java:95)
	at com.mysql.cj.jdbc.exceptions.SQLError.createSQLException(SQLError.java:87)
	at com.mysql.cj.jdbc.exceptions.SQLError.createSQLException(SQLError.java:61)
	at com.mysql.cj.jdbc.exceptions.SQLError.createSQLException(SQLError.java:71)
	at com.mysql.cj.jdbc.exceptions.SQLExceptionsMapping.translateException(SQLExceptionsMapping.java:76)
	at com.mysql.cj.jdbc.ConnectionImpl.createNewIO(ConnectionImpl.java:862)
	at com.mysql.cj.jdbc.ConnectionImpl.<init>(ConnectionImpl.java:444)
	at com.mysql.cj.jdbc.ConnectionImpl.getInstance(ConnectionImpl.java:230)
	at com.mysql.cj.jdbc.NonRegisteringDriver.connect(NonRegisteringDriver.java:226)
	at org.knime.database.connection.UrlDBConnectionController$ControlledDriver.connect(UrlDBConnectionController.java:95)
	at org.knime.database.connection.UrlDBConnectionController.createConnection(UrlDBConnectionController.java:308)
	at org.knime.database.connection.UserDBConnectionController.createConnection(UserDBConnectionController.java:249)
	at org.knime.database.connection.AbstractConnectionProvider.createConnection(AbstractConnectionProvider.java:89)
	at org.knime.database.connection.impl.DBConnectionManager.lambda$2(DBConnectionManager.java:501)
	at java.base/java.util.concurrent.FutureTask.run(Unknown Source)
	at java.base/java.util.concurrent.ThreadPoolExecutor.runWorker(Unknown Source)
	at java.base/java.util.concurrent.ThreadPoolExecutor$Worker.run(Unknown Source)
	at java.base/java.lang.Thread.run(Unknown Source)
Caused by: com.mysql.cj.exceptions.InvalidConnectionAttributeException: The server time zone value 'CEST' is unrecognized or represents more than one time zone. You must configure either the server or JDBC driver (via the serverTimezone configuration property) to use a more specifc time zone value if you want to utilize time zone support.
	at java.base/jdk.internal.reflect.NativeConstructorAccessorImpl.newInstance0(Native Method)
	at java.base/jdk.internal.reflect.NativeConstructorAccessorImpl.newInstance(Unknown Source)
	at java.base/jdk.internal.reflect.DelegatingConstructorAccessorImpl.newInstance(Unknown Source)
	at java.base/java.lang.reflect.Constructor.newInstance(Unknown Source)
	at com.mysql.cj.exceptions.ExceptionFactory.createException(ExceptionFactory.java:59)
	at com.mysql.cj.exceptions.ExceptionFactory.createException(ExceptionFactory.java:83)
	at com.mysql.cj.util.TimeUtil.getCanonicalTimezone(TimeUtil.java:128)
	at com.mysql.cj.protocol.a.NativeProtocol.configureTimezone(NativeProtocol.java:2201)
	at com.mysql.cj.protocol.a.NativeProtocol.initServerSession(NativeProtocol.java:2225)
	at com.mysql.cj.jdbc.ConnectionImpl.initializePropsFromServer(ConnectionImpl.java:1391)
	at com.mysql.cj.jdbc.ConnectionImpl.connectOneTryOnly(ConnectionImpl.java:993)
	at com.mysql.cj.jdbc.ConnectionImpl.createNewIO(ConnectionImpl.java:852)
	... 12 more
2021-10-20 17:57:41,501 : ERROR : KNIME-Worker-4-MySQL Connector 4:1 :  : Node : MySQL Connector : 4:1 : Execute failed: The server time zone value 'CEST' is unrecognized or represents more than one time zone. You must configure either the server or JDBC driver (via the serverTimezone configuration property) to use a more specifc time zone value if you want to utilize time zone support.
java.sql.SQLException: The server time zone value 'CEST' is unrecognized or represents more than one time zone. You must configure either the server or JDBC driver (via the serverTimezone configuration property) to use a more specifc time zone value if you want to utilize time zone support.
	at com.mysql.cj.jdbc.exceptions.SQLError.createSQLException(SQLError.java:127)
	at com.mysql.cj.jdbc.exceptions.SQLError.createSQLException(SQLError.java:95)
	at com.mysql.cj.jdbc.exceptions.SQLError.createSQLException(SQLError.java:87)
	at com.mysql.cj.jdbc.exceptions.SQLError.createSQLException(SQLError.java:61)
	at com.mysql.cj.jdbc.exceptions.SQLError.createSQLException(SQLError.java:71)
	at com.mysql.cj.jdbc.exceptions.SQLExceptionsMapping.translateException(SQLExceptionsMapping.java:76)
	at com.mysql.cj.jdbc.ConnectionImpl.createNewIO(ConnectionImpl.java:862)
	at com.mysql.cj.jdbc.ConnectionImpl.<init>(ConnectionImpl.java:444)
	at com.mysql.cj.jdbc.ConnectionImpl.getInstance(ConnectionImpl.java:230)
	at com.mysql.cj.jdbc.NonRegisteringDriver.connect(NonRegisteringDriver.java:226)
	at org.knime.database.connection.UrlDBConnectionController$ControlledDriver.connect(UrlDBConnectionController.java:95)
	at org.knime.database.connection.UrlDBConnectionController.createConnection(UrlDBConnectionController.java:308)
	at org.knime.database.connection.UserDBConnectionController.createConnection(UserDBConnectionController.java:249)
	at org.knime.database.connection.AbstractConnectionProvider.createConnection(AbstractConnectionProvider.java:89)
	at org.knime.database.connection.impl.DBConnectionManager.lambda$2(DBConnectionManager.java:501)
	at java.base/java.util.concurrent.FutureTask.run(Unknown Source)
	at java.base/java.util.concurrent.ThreadPoolExecutor.runWorker(Unknown Source)
	at java.base/java.util.concurrent.ThreadPoolExecutor$Worker.run(Unknown Source)
	at java.base/java.lang.Thread.run(Unknown Source)
Caused by: com.mysql.cj.exceptions.InvalidConnectionAttributeException: The server time zone value 'CEST' is unrecognized or represents more than one time zone. You must configure either the server or JDBC driver (via the serverTimezone configuration property) to use a more specifc time zone value if you want to utilize time zone support.
	at java.base/jdk.internal.reflect.NativeConstructorAccessorImpl.newInstance0(Native Method)
	at java.base/jdk.internal.reflect.NativeConstructorAccessorImpl.newInstance(Unknown Source)
	at java.base/jdk.internal.reflect.DelegatingConstructorAccessorImpl.newInstance(Unknown Source)
	at java.base/java.lang.reflect.Constructor.newInstance(Unknown Source)
	at com.mysql.cj.exceptions.ExceptionFactory.createException(ExceptionFactory.java:59)
	at com.mysql.cj.exceptions.ExceptionFactory.createException(ExceptionFactory.java:83)
	at com.mysql.cj.util.TimeUtil.getCanonicalTimezone(TimeUtil.java:128)
	at com.mysql.cj.protocol.a.NativeProtocol.configureTimezone(NativeProtocol.java:2201)
	at com.mysql.cj.protocol.a.NativeProtocol.initServerSession(NativeProtocol.java:2225)
	at com.mysql.cj.jdbc.ConnectionImpl.initializePropsFromServer(ConnectionImpl.java:1391)
	at com.mysql.cj.jdbc.ConnectionImpl.connectOneTryOnly(ConnectionImpl.java:993)
	at com.mysql.cj.jdbc.ConnectionImpl.createNewIO(ConnectionImpl.java:852)
	... 12 more
2021-10-20 18:00:30,612 : ERROR : KNIME-Worker-5-MySQL Connector 4:1 :  : Node : MySQL Connector : 4:1 : Execute failed: The server time zone value 'CEST' is unrecognized or represents more than one time zone. You must configure either the server or JDBC driver (via the serverTimezone configuration property) to use a more specifc time zone value if you want to utilize time zone support.
java.sql.SQLException: The server time zone value 'CEST' is unrecognized or represents more than one time zone. You must configure either the server or JDBC driver (via the serverTimezone configuration property) to use a more specifc time zone value if you want to utilize time zone support.
	at com.mysql.cj.jdbc.exceptions.SQLError.createSQLException(SQLError.java:127)
	at com.mysql.cj.jdbc.exceptions.SQLError.createSQLException(SQLError.java:95)
	at com.mysql.cj.jdbc.exceptions.SQLError.createSQLException(SQLError.java:87)
	at com.mysql.cj.jdbc.exceptions.SQLError.createSQLException(SQLError.java:61)
	at com.mysql.cj.jdbc.exceptions.SQLError.createSQLException(SQLError.java:71)
	at com.mysql.cj.jdbc.exceptions.SQLExceptionsMapping.translateException(SQLExceptionsMapping.java:76)
	at com.mysql.cj.jdbc.ConnectionImpl.createNewIO(ConnectionImpl.java:862)
	at com.mysql.cj.jdbc.ConnectionImpl.<init>(ConnectionImpl.java:444)
	at com.mysql.cj.jdbc.ConnectionImpl.getInstance(ConnectionImpl.java:230)
	at com.mysql.cj.jdbc.NonRegisteringDriver.connect(NonRegisteringDriver.java:226)
	at org.knime.database.connection.UrlDBConnectionController$ControlledDriver.connect(UrlDBConnectionController.java:95)
	at org.knime.database.connection.UrlDBConnectionController.createConnection(UrlDBConnectionController.java:308)
	at org.knime.database.connection.UserDBConnectionController.createConnection(UserDBConnectionController.java:249)
	at org.knime.database.connection.AbstractConnectionProvider.createConnection(AbstractConnectionProvider.java:89)
	at org.knime.database.connection.impl.DBConnectionManager.lambda$2(DBConnectionManager.java:501)
	at java.base/java.util.concurrent.FutureTask.run(Unknown Source)
	at java.base/java.util.concurrent.ThreadPoolExecutor.runWorker(Unknown Source)
	at java.base/java.util.concurrent.ThreadPoolExecutor$Worker.run(Unknown Source)
	at java.base/java.lang.Thread.run(Unknown Source)
Caused by: com.mysql.cj.exceptions.InvalidConnectionAttributeException: The server time zone value 'CEST' is unrecognized or represents more than one time zone. You must configure either the server or JDBC driver (via the serverTimezone configuration property) to use a more specifc time zone value if you want to utilize time zone support.
	at java.base/jdk.internal.reflect.NativeConstructorAccessorImpl.newInstance0(Native Method)
	at java.base/jdk.internal.reflect.NativeConstructorAccessorImpl.newInstance(Unknown Source)
	at java.base/jdk.internal.reflect.DelegatingConstructorAccessorImpl.newInstance(Unknown Source)
	at java.base/java.lang.reflect.Constructor.newInstance(Unknown Source)
	at com.mysql.cj.exceptions.ExceptionFactory.createException(ExceptionFactory.java:59)
	at com.mysql.cj.exceptions.ExceptionFactory.createException(ExceptionFactory.java:83)
	at com.mysql.cj.util.TimeUtil.getCanonicalTimezone(TimeUtil.java:128)
	at com.mysql.cj.protocol.a.NativeProtocol.configureTimezone(NativeProtocol.java:2201)
	at com.mysql.cj.protocol.a.NativeProtocol.initServerSession(NativeProtocol.java:2225)
	at com.mysql.cj.jdbc.ConnectionImpl.initializePropsFromServer(ConnectionImpl.java:1391)
	at com.mysql.cj.jdbc.ConnectionImpl.connectOneTryOnly(ConnectionImpl.java:993)
	at com.mysql.cj.jdbc.ConnectionImpl.createNewIO(ConnectionImpl.java:852)
	... 12 more
2021-10-20 18:00:46,776 : ERROR : KNIME-Worker-6-MySQL Connector 4:1 :  : Node : MySQL Connector : 4:1 : Execute failed: Access denied for user 'root'@'localhost' (using password: YES)
java.sql.SQLException: Access denied for user 'root'@'localhost' (using password: YES)
	at com.mysql.cj.jdbc.exceptions.SQLError.createSQLException(SQLError.java:127)
	at com.mysql.cj.jdbc.exceptions.SQLError.createSQLException(SQLError.java:95)
	at com.mysql.cj.jdbc.exceptions.SQLExceptionsMapping.translateException(SQLExceptionsMapping.java:122)
	at com.mysql.cj.jdbc.ConnectionImpl.createNewIO(ConnectionImpl.java:862)
	at com.mysql.cj.jdbc.ConnectionImpl.<init>(ConnectionImpl.java:444)
	at com.mysql.cj.jdbc.ConnectionImpl.getInstance(ConnectionImpl.java:230)
	at com.mysql.cj.jdbc.NonRegisteringDriver.connect(NonRegisteringDriver.java:226)
	at org.knime.database.connection.UrlDBConnectionController$ControlledDriver.connect(UrlDBConnectionController.java:95)
	at org.knime.database.connection.UrlDBConnectionController.createConnection(UrlDBConnectionController.java:308)
	at org.knime.database.connection.UserDBConnectionController.createConnection(UserDBConnectionController.java:249)
	at org.knime.database.connection.AbstractConnectionProvider.createConnection(AbstractConnectionProvider.java:89)
	at org.knime.database.connection.impl.DBConnectionManager.lambda$2(DBConnectionManager.java:501)
	at java.base/java.util.concurrent.FutureTask.run(Unknown Source)
	at java.base/java.util.concurrent.ThreadPoolExecutor.runWorker(Unknown Source)
	at java.base/java.util.concurrent.ThreadPoolExecutor$Worker.run(Unknown Source)
	at java.base/java.lang.Thread.run(Unknown Source)
2021-10-20 18:11:47,878 : WARN  : main :  : Node : DB Query Reader : 4:2 : Please enter a SQL statement
2021-10-20 18:21:36,297 : WARN  : main :  : Node : File Reader : 4:4 : Please specify a file
2021-10-20 18:26:30,770 : WARN  : main :  : Node : String Replacer : 4:5 : Selected column 'null' does not exist in input table
2021-10-20 18:29:25,358 : WARN  : main :  : Node : String Replacer : 4:6 : Selected column 'null' does not exist in input table
2021-10-20 18:31:18,817 : WARN  : main :  : Node : Joiner : 4:7 : No join columns passed.
2021-10-20 18:34:33,559 : WARN  : main :  : Node : String Manipulation : 4:8 : No expression has been set.
2021-10-20 18:40:29,328 : WARN  : main :  : WrappedNodeDialog : String Manipulation : 4:8 : failed to apply settings: Unable to compile expression
ERROR at line 67
Syntax error on token "__col5", delete this token
  Line : 66    public java.lang.String internalEvaluate() throws Abort {
  Line : 67  return join("https://www.ncdc.noaa.gov/cdo-web/api/v2/data?datasetid=GHCND&startdate=",__col0,"&enddate=",__col0,"&units=metric&datatypeid=AWND&limit=1&locationid="__col5);
org.knime.core.node.InvalidSettingsException: Unable to compile expression
ERROR at line 67
Syntax error on token "__col5", delete this token
  Line : 66    public java.lang.String internalEvaluate() throws Abort {
  Line : 67  return join("https://www.ncdc.noaa.gov/cdo-web/api/v2/data?datasetid=GHCND&startdate=",__col0,"&enddate=",__col0,"&units=metric&datatypeid=AWND&limit=1&locationid="__col5);
	at org.knime.base.node.preproc.stringmanipulation.StringManipulationNodeDialog.saveSettingsTo(StringManipulationNodeDialog.java:419)
	at org.knime.core.node.NodeDialogPane.internalSaveSettingsTo(NodeDialogPane.java:532)
	at org.knime.core.node.NodeDialogPane$4.run(NodeDialogPane.java:766)
	at org.knime.core.node.util.ViewUtils$3.run(ViewUtils.java:353)
	at org.knime.core.node.util.ViewUtils$2.run(ViewUtils.java:155)
	at java.desktop/java.awt.event.InvocationEvent.dispatch(Unknown Source)
	at java.desktop/java.awt.EventQueue.dispatchEventImpl(Unknown Source)
	at java.desktop/java.awt.EventQueue$4.run(Unknown Source)
	at java.desktop/java.awt.EventQueue$4.run(Unknown Source)
	at java.base/java.security.AccessController.doPrivileged(Native Method)
	at java.base/java.security.ProtectionDomain$JavaSecurityAccessImpl.doIntersectionPrivilege(Unknown Source)
	at java.desktop/java.awt.EventQueue.dispatchEvent(Unknown Source)
	at java.desktop/java.awt.EventDispatchThread.pumpOneEventForFilters(Unknown Source)
	at java.desktop/java.awt.EventDispatchThread.pumpEventsForFilter(Unknown Source)
	at java.desktop/java.awt.EventDispatchThread.pumpEventsForHierarchy(Unknown Source)
	at java.desktop/java.awt.EventDispatchThread.pumpEvents(Unknown Source)
	at java.desktop/java.awt.EventDispatchThread.pumpEvents(Unknown Source)
	at java.desktop/java.awt.EventDispatchThread.run(Unknown Source)
Caused by: org.knime.ext.sun.nodes.script.compile.CompilationFailedException: Unable to compile expression
ERROR at line 67
Syntax error on token "__col5", delete this token
  Line : 66    public java.lang.String internalEvaluate() throws Abort {
  Line : 67  return join("https://www.ncdc.noaa.gov/cdo-web/api/v2/data?datasetid=GHCND&startdate=",__col0,"&enddate=",__col0,"&units=metric&datatypeid=AWND&limit=1&locationid="__col5);
	at org.knime.ext.sun.nodes.script.compile.JavaCodeCompiler.compile(JavaCodeCompiler.java:333)
	at org.knime.ext.sun.nodes.script.expression.Expression.<init>(Expression.java:217)
	at org.knime.ext.sun.nodes.script.expression.Expression.compile(Expression.java:619)
	at org.knime.base.node.preproc.stringmanipulation.StringManipulationNodeDialog.saveSettingsTo(StringManipulationNodeDialog.java:417)
	... 17 more
2021-10-20 18:41:36,589 : WARN  : main :  : WrappedNodeDialog : String Manipulation : 4:8 : failed to apply settings: Unable to compile expression
ERROR at line 67
Syntax error on token "__col5", delete this token
  Line : 66    public java.lang.String internalEvaluate() throws Abort {
  Line : 67  return join("https://www.ncdc.noaa.gov/cdo-web/api/v2/data?datasetid=GHCND&startdate=",__col0,"&enddate=",__col0,"&units=metric&datatypeid=AWND&limit=1&locationid=FIPS:"__col5);
org.knime.core.node.InvalidSettingsException: Unable to compile expression
ERROR at line 67
Syntax error on token "__col5", delete this token
  Line : 66    public java.lang.String internalEvaluate() throws Abort {
  Line : 67  return join("https://www.ncdc.noaa.gov/cdo-web/api/v2/data?datasetid=GHCND&startdate=",__col0,"&enddate=",__col0,"&units=metric&datatypeid=AWND&limit=1&locationid=FIPS:"__col5);
	at org.knime.base.node.preproc.stringmanipulation.StringManipulationNodeDialog.saveSettingsTo(StringManipulationNodeDialog.java:419)
	at org.knime.core.node.NodeDialogPane.internalSaveSettingsTo(NodeDialogPane.java:532)
	at org.knime.core.node.NodeDialogPane$4.run(NodeDialogPane.java:766)
	at org.knime.core.node.util.ViewUtils$3.run(ViewUtils.java:353)
	at org.knime.core.node.util.ViewUtils$2.run(ViewUtils.java:155)
	at java.desktop/java.awt.event.InvocationEvent.dispatch(Unknown Source)
	at java.desktop/java.awt.EventQueue.dispatchEventImpl(Unknown Source)
	at java.desktop/java.awt.EventQueue$4.run(Unknown Source)
	at java.desktop/java.awt.EventQueue$4.run(Unknown Source)
	at java.base/java.security.AccessController.doPrivileged(Native Method)
	at java.base/java.security.ProtectionDomain$JavaSecurityAccessImpl.doIntersectionPrivilege(Unknown Source)
	at java.desktop/java.awt.EventQueue.dispatchEvent(Unknown Source)
	at java.desktop/java.awt.EventDispatchThread.pumpOneEventForFilters(Unknown Source)
	at java.desktop/java.awt.EventDispatchThread.pumpEventsForFilter(Unknown Source)
	at java.desktop/java.awt.EventDispatchThread.pumpEventsForHierarchy(Unknown Source)
	at java.desktop/java.awt.EventDispatchThread.pumpEvents(Unknown Source)
	at java.desktop/java.awt.EventDispatchThread.pumpEvents(Unknown Source)
	at java.desktop/java.awt.EventDispatchThread.run(Unknown Source)
Caused by: org.knime.ext.sun.nodes.script.compile.CompilationFailedException: Unable to compile expression
ERROR at line 67
Syntax error on token "__col5", delete this token
  Line : 66    public java.lang.String internalEvaluate() throws Abort {
  Line : 67  return join("https://www.ncdc.noaa.gov/cdo-web/api/v2/data?datasetid=GHCND&startdate=",__col0,"&enddate=",__col0,"&units=metric&datatypeid=AWND&limit=1&locationid=FIPS:"__col5);
	at org.knime.ext.sun.nodes.script.compile.JavaCodeCompiler.compile(JavaCodeCompiler.java:333)
	at org.knime.ext.sun.nodes.script.expression.Expression.<init>(Expression.java:217)
	at org.knime.ext.sun.nodes.script.expression.Expression.compile(Expression.java:619)
	at org.knime.base.node.preproc.stringmanipulation.StringManipulationNodeDialog.saveSettingsTo(StringManipulationNodeDialog.java:417)
	... 17 more
2021-10-20 18:41:55,423 : WARN  : main :  : WrappedNodeDialog : String Manipulation : 4:8 : failed to apply settings: Unable to compile expression
ERROR at line 65
Syntax error, insert ")" to complete MethodInvocation
  Line : 64    public java.lang.String internalEvaluate() throws Abort {
  Line : 65  return join(“https:

ERROR at line 65
Syntax error, insert ";" to complete BlockStatements
  Line : 64    public java.lang.String internalEvaluate() throws Abort {
  Line : 65  return join(“https:
org.knime.core.node.InvalidSettingsException: Unable to compile expression
ERROR at line 65
Syntax error, insert ")" to complete MethodInvocation
  Line : 64    public java.lang.String internalEvaluate() throws Abort {
  Line : 65  return join(“https:

ERROR at line 65
Syntax error, insert ";" to complete BlockStatements
  Line : 64    public java.lang.String internalEvaluate() throws Abort {
  Line : 65  return join(“https:
	at org.knime.base.node.preproc.stringmanipulation.StringManipulationNodeDialog.saveSettingsTo(StringManipulationNodeDialog.java:419)
	at org.knime.core.node.NodeDialogPane.internalSaveSettingsTo(NodeDialogPane.java:532)
	at org.knime.core.node.NodeDialogPane$4.run(NodeDialogPane.java:766)
	at org.knime.core.node.util.ViewUtils$3.run(ViewUtils.java:353)
	at org.knime.core.node.util.ViewUtils$2.run(ViewUtils.java:155)
	at java.desktop/java.awt.event.InvocationEvent.dispatch(Unknown Source)
	at java.desktop/java.awt.EventQueue.dispatchEventImpl(Unknown Source)
	at java.desktop/java.awt.EventQueue$4.run(Unknown Source)
	at java.desktop/java.awt.EventQueue$4.run(Unknown Source)
	at java.base/java.security.AccessController.doPrivileged(Native Method)
	at java.base/java.security.ProtectionDomain$JavaSecurityAccessImpl.doIntersectionPrivilege(Unknown Source)
	at java.desktop/java.awt.EventQueue.dispatchEvent(Unknown Source)
	at java.desktop/java.awt.EventDispatchThread.pumpOneEventForFilters(Unknown Source)
	at java.desktop/java.awt.EventDispatchThread.pumpEventsForFilter(Unknown Source)
	at java.desktop/java.awt.EventDispatchThread.pumpEventsForHierarchy(Unknown Source)
	at java.desktop/java.awt.EventDispatchThread.pumpEvents(Unknown Source)
	at java.desktop/java.awt.EventDispatchThread.pumpEvents(Unknown Source)
	at java.desktop/java.awt.EventDispatchThread.run(Unknown Source)
Caused by: org.knime.ext.sun.nodes.script.compile.CompilationFailedException: Unable to compile expression
ERROR at line 65
Syntax error, insert ")" to complete MethodInvocation
  Line : 64    public java.lang.String internalEvaluate() throws Abort {
  Line : 65  return join(“https:

ERROR at line 65
Syntax error, insert ";" to complete BlockStatements
  Line : 64    public java.lang.String internalEvaluate() throws Abort {
  Line : 65  return join(“https:
	at org.knime.ext.sun.nodes.script.compile.JavaCodeCompiler.compile(JavaCodeCompiler.java:333)
	at org.knime.ext.sun.nodes.script.expression.Expression.<init>(Expression.java:217)
	at org.knime.ext.sun.nodes.script.expression.Expression.compile(Expression.java:619)
	at org.knime.base.node.preproc.stringmanipulation.StringManipulationNodeDialog.saveSettingsTo(StringManipulationNodeDialog.java:417)
	... 17 more
2021-10-20 18:51:35,317 : WARN  : main :  : Node : Container Output (JSON) : 4:10 : No configuration set - confirm in dialog
2021-10-20 18:53:33,754 : WARN  : main :  : Node : JSON Path : 4:11 : No JSON path was specified, please enter at least one expression!
2021-10-20 19:24:27,724 : ERROR : KNIME Sync Exec Dispatcher-1 :  : SyncExecQueueDispatcher :  :  : Uncaught exception while queuing events into main thread
org.eclipse.swt.SWTException: Invalid thread access
	at org.eclipse.swt.SWT.error(SWT.java:4889)
	at org.eclipse.swt.SWT.error(SWT.java:4804)
	at org.eclipse.swt.SWT.error(SWT.java:4775)
	at org.eclipse.swt.widgets.Display.error(Display.java:1100)
	at org.eclipse.swt.widgets.Display.createDisplay(Display.java:851)
	at org.eclipse.swt.widgets.Display.create(Display.java:835)
	at org.eclipse.swt.graphics.Device.<init>(Device.java:130)
	at org.eclipse.swt.widgets.Display.<init>(Display.java:734)
	at org.eclipse.swt.widgets.Display.<init>(Display.java:725)
	at org.eclipse.swt.widgets.Display.getDefault(Display.java:1434)
	at org.knime.workbench.ui.SyncExecQueueDispatcher$2.run(SyncExecQueueDispatcher.java:120)
	at java.base/java.util.concurrent.ThreadPoolExecutor.runWorker(Unknown Source)
	at java.base/java.util.concurrent.ThreadPoolExecutor$Worker.run(Unknown Source)
	at java.base/java.lang.Thread.run(Unknown Source)
